Using pre-set license
Built from '2020.3/staging' branch; Version is '2020.3.0f1 (c7b5465681fb) revision 13088070'; Using compiler version '192528614'; Build Type 'Release'
OS: 'Windows 10 Pro; OS build 19042.1052; Version 2009; 64bit' Language: 'ru' Physical Memory: 16331 MB
BatchMode: 1, IsHumanControllingUs: 0, StartBugReporterOnCrash: 0, Is64bit: 1, IsPro: 0

 COMMAND LINE ARGUMENTS:
C:\Program Files\Unity\Hub\Editor\2020.3.0f1\Editor\Unity.exe
-adb2
-batchMode
-noUpm
-name
AssetImportWorker0
-projectPath
D:/tastTask/Task
-logFile
Logs/AssetImportWorker0.log
-srvPort
57224
Successfully changed project path to: D:/tastTask/Task
D:/tastTask/Task
Using Asset Import Pipeline V2.
Refreshing native plugins compatible for Editor in 32.84 ms, found 0 plugins.
Preloading 0 native plugins for Editor in 0.00 ms.
Initialize engine version: 2020.3.0f1 (c7b5465681fb)
[Subsystems] Discovering subsystems at path C:/Program Files/Unity/Hub/Editor/2020.3.0f1/Editor/Data/Resources/UnitySubsystems
[Subsystems] Discovering subsystems at path D:/tastTask/Task/Assets
GfxDevice: creating device client; threaded=0
Direct3D:
    Version:  Direct3D 11.0 [level 11.1]
    Renderer: NVIDIA GeForce GTX 1660 SUPER (ID=0x21c4)
    Vendor:   
    VRAM:     5991 MB
    Driver:   30.0.14.7111
Initialize mono
Mono path[0] = 'C:/Program Files/Unity/Hub/Editor/2020.3.0f1/Editor/Data/Managed'
Mono path[1] = 'C:/Program Files/Unity/Hub/Editor/2020.3.0f1/Editor/Data/MonoBleedingEdge/lib/mono/unityjit'
Mono config path = 'C:/Program Files/Unity/Hub/Editor/2020.3.0f1/Editor/Data/MonoBleedingEdge/etc'
Using monoOptions --debugger-agent=transport=dt_socket,embedding=1,server=y,suspend=n,address=127.0.0.1:56028
Begin MonoManager ReloadAssembly
Registering precompiled unity dll's ...
Register platform support module: C:/Program Files/Unity/Hub/Editor/2020.3.0f1/Editor/Data/PlaybackEngines/MacStandaloneSupport/UnityEditor.OSXStandalone.Extensions.dll
Register platform support module: C:/Program Files/Unity/Hub/Editor/2020.3.0f1/Editor/Data/PlaybackEngines/WindowsStandaloneSupport/UnityEditor.WindowsStandalone.Extensions.dll
Registered in 0.006086 seconds.
Native extension for WindowsStandalone target not found
Native extension for OSXStandalone target not found
Refreshing native plugins compatible for Editor in 29.61 ms, found 0 plugins.
Preloading 0 native plugins for Editor in 0.00 ms.
Invoked RoslynAnalysisRunner static constructor.
RoslynAnalysisRunner will not be running.
RoslynAnalysisRunner has terminated.
Mono: successfully reloaded assembly
- Completed reload, in  3.178 seconds
Platform modules already initialized, skipping
Registering precompiled user dll's ...
Registered in 0.001169 seconds.
Begin MonoManager ReloadAssembly
Native extension for WindowsStandalone target not found
Native extension for OSXStandalone target not found
Refreshing native plugins compatible for Editor in 0.35 ms, found 0 plugins.
Preloading 0 native plugins for Editor in 0.00 ms.
Invoked RoslynAnalysisRunner static constructor.
RoslynAnalysisRunner will not be running.
RoslynAnalysisRunner has terminated.
Mono: successfully reloaded assembly
- Completed reload, in  1.245 seconds
Platform modules already initialized, skipping
========================================================================
Worker process is ready to serve import requests
Launched and connected shader compiler UnityShaderCompiler.exe after 0.07 seconds
Refreshing native plugins compatible for Editor in 0.28 ms, found 0 plugins.
Preloading 0 native plugins for Editor in 0.00 ms.
Unloading 1119 Unused Serialized files (Serialized files now loaded: 0)
System memory in use before: 57.1 MB.
System memory in use after: 57.2 MB.

Unloading 10 unused Assets to reduce memory usage. Loaded Objects now: 1561.
Total: 3.467700 ms (FindLiveObjects: 0.443000 ms CreateObjectMapping: 0.207700 ms MarkObjects: 2.720700 ms  DeleteObjects: 0.094800 ms)

========================================================================
Received Import Request.
  path: Assets/Prefabs/Element.prefab
  artifactKey: Guid(d906db95b26de8a46ae066e2e2dd6e5f) Importer(815301076,1909f56bfc062723c751e8b465ee728b)
Start importing Assets/Prefabs/Element.prefab using Guid(d906db95b26de8a46ae066e2e2dd6e5f) Importer(815301076,1909f56bfc062723c751e8b465ee728b)  -> (artifact id: '264acaf1bfb6ca6c9d9919a70dddf7ee') in 0.068023 seconds
  Import took 0.070683 seconds .

========================================================================
Received Import Request.
  Time since last request: 3.031321 seconds.
  path: Assets/Prefabs/Element.prefab
  artifactKey: Guid(d906db95b26de8a46ae066e2e2dd6e5f) Importer(815301076,1909f56bfc062723c751e8b465ee728b)
Start importing Assets/Prefabs/Element.prefab using Guid(d906db95b26de8a46ae066e2e2dd6e5f) Importer(815301076,1909f56bfc062723c751e8b465ee728b)  -> (artifact id: '54c745b65b2c5cba3fed36674af9c721') in 0.013062 seconds
  Import took 0.066549 seconds .

========================================================================
Received Import Request.
  Time since last request: 4.373911 seconds.
  path: Assets/Prefabs/Element.prefab
  artifactKey: Guid(d906db95b26de8a46ae066e2e2dd6e5f) Importer(815301076,1909f56bfc062723c751e8b465ee728b)
Start importing Assets/Prefabs/Element.prefab using Guid(d906db95b26de8a46ae066e2e2dd6e5f) Importer(815301076,1909f56bfc062723c751e8b465ee728b)  -> (artifact id: 'c91f1f9760dc87751041c45d8be4effe') in 0.010103 seconds
  Import took 0.014683 seconds .

========================================================================
Received Import Request.
  Time since last request: 4.647720 seconds.
  path: Assets/Prefabs/Element.prefab
  artifactKey: Guid(d906db95b26de8a46ae066e2e2dd6e5f) Importer(815301076,1909f56bfc062723c751e8b465ee728b)
Start importing Assets/Prefabs/Element.prefab using Guid(d906db95b26de8a46ae066e2e2dd6e5f) Importer(815301076,1909f56bfc062723c751e8b465ee728b)  -> (artifact id: '3477362c1deefa31c8db505e7d8b5f50') in 0.008143 seconds
  Import took 0.025175 seconds .

========================================================================
Received Import Request.
  Time since last request: 2.198708 seconds.
  path: Assets/Prefabs/Element.prefab
  artifactKey: Guid(d906db95b26de8a46ae066e2e2dd6e5f) Importer(815301076,1909f56bfc062723c751e8b465ee728b)
Start importing Assets/Prefabs/Element.prefab using Guid(d906db95b26de8a46ae066e2e2dd6e5f) Importer(815301076,1909f56bfc062723c751e8b465ee728b)  -> (artifact id: 'a6d27993edc974bc1e30ab9ec755a1d9') in 0.018665 seconds
  Import took 0.023584 seconds .

========================================================================
Received Import Request.
  Time since last request: 3.848951 seconds.
  path: Assets/Prefabs/Element.prefab
  artifactKey: Guid(d906db95b26de8a46ae066e2e2dd6e5f) Importer(815301076,1909f56bfc062723c751e8b465ee728b)
Start importing Assets/Prefabs/Element.prefab using Guid(d906db95b26de8a46ae066e2e2dd6e5f) Importer(815301076,1909f56bfc062723c751e8b465ee728b)  -> (artifact id: 'a869f35d766f74ef04d29320f8b48daf') in 0.011607 seconds
  Import took 0.015250 seconds .

========================================================================
Received Import Request.
  Time since last request: 2.786993 seconds.
  path: Assets/Prefabs/Element.prefab
  artifactKey: Guid(d906db95b26de8a46ae066e2e2dd6e5f) Importer(815301076,1909f56bfc062723c751e8b465ee728b)
Start importing Assets/Prefabs/Element.prefab using Guid(d906db95b26de8a46ae066e2e2dd6e5f) Importer(815301076,1909f56bfc062723c751e8b465ee728b)  -> (artifact id: '68a3cc238dda51e978c8deb209151c6a') in 0.008129 seconds
  Import took 0.011539 seconds .

========================================================================
Received Import Request.
  Time since last request: 5.905478 seconds.
  path: Assets/Prefabs/Element.prefab
  artifactKey: Guid(d906db95b26de8a46ae066e2e2dd6e5f) Importer(815301076,1909f56bfc062723c751e8b465ee728b)
Start importing Assets/Prefabs/Element.prefab using Guid(d906db95b26de8a46ae066e2e2dd6e5f) Importer(815301076,1909f56bfc062723c751e8b465ee728b)  -> (artifact id: 'e77b0514ecb5bd08a23e83b35a4648ea') in 0.016705 seconds
  Import took 0.019712 seconds .

========================================================================
Received Import Request.
  Time since last request: 6.277234 seconds.
  path: Assets/Prefabs/Element.prefab
  artifactKey: Guid(d906db95b26de8a46ae066e2e2dd6e5f) Importer(815301076,1909f56bfc062723c751e8b465ee728b)
Start importing Assets/Prefabs/Element.prefab using Guid(d906db95b26de8a46ae066e2e2dd6e5f) Importer(815301076,1909f56bfc062723c751e8b465ee728b)  -> (artifact id: '03b5ea17eee38db6e1bc714c7d035132') in 0.007874 seconds
  Import took 0.012433 seconds .

========================================================================
Received Import Request.
  Time since last request: 6.680766 seconds.
  path: Assets/Prefabs/Element.prefab
  artifactKey: Guid(d906db95b26de8a46ae066e2e2dd6e5f) Importer(815301076,1909f56bfc062723c751e8b465ee728b)
Start importing Assets/Prefabs/Element.prefab using Guid(d906db95b26de8a46ae066e2e2dd6e5f) Importer(815301076,1909f56bfc062723c751e8b465ee728b)  -> (artifact id: 'eb3a79a59eda4a85e2a7779013fe2d98') in 0.006712 seconds
  Import took 0.009531 seconds .

========================================================================
Received Import Request.
  Time since last request: 5.540375 seconds.
  path: Assets/Prefabs/Element.prefab
  artifactKey: Guid(d906db95b26de8a46ae066e2e2dd6e5f) Importer(815301076,1909f56bfc062723c751e8b465ee728b)
Start importing Assets/Prefabs/Element.prefab using Guid(d906db95b26de8a46ae066e2e2dd6e5f) Importer(815301076,1909f56bfc062723c751e8b465ee728b)  -> (artifact id: 'a58b9f39a7df3afb44c438f7b1121a84') in 0.010889 seconds
  Import took 0.014294 seconds .

========================================================================
Received Prepare
Registering precompiled user dll's ...
Registered in 0.001706 seconds.
Begin MonoManager ReloadAssembly
Native extension for WindowsStandalone target not found
Native extension for OSXStandalone target not found
Refreshing native plugins compatible for Editor in 0.58 ms, found 0 plugins.
Preloading 0 native plugins for Editor in 0.00 ms.
Invoked RoslynAnalysisRunner static constructor.
RoslynAnalysisRunner will not be running.
RoslynAnalysisRunner has terminated.
Mono: successfully reloaded assembly
- Completed reload, in  1.901 seconds
Platform modules already initialized, skipping
Switching build target platform(5) subTarget(0) extendedPlatform(0) -> platform(13) subTarget(537395200) extendedPlatform(0)
Refreshing native plugins compatible for Editor in 0.29 ms, found 0 plugins.
Preloading 0 native plugins for Editor in 0.00 ms.
Unloading 1117 Unused Serialized files (Serialized files now loaded: 0)
System memory in use before: 57.2 MB.
System memory in use after: 57.2 MB.

Unloading 5 unused Assets to reduce memory usage. Loaded Objects now: 1566.
Total: 3.183700 ms (FindLiveObjects: 0.330000 ms CreateObjectMapping: 0.098900 ms MarkObjects: 2.479000 ms  DeleteObjects: 0.273600 ms)

AssetImportParameters requested are different than current active one (requested -> active):
  custom:graphics/normal-map-encoding: 01000000000000000000000000000000 -> 02000000000000000000000000000000
========================================================================
Received Prepare
Registering precompiled user dll's ...
Registered in 0.000763 seconds.
Begin MonoManager ReloadAssembly
Native extension for WindowsStandalone target not found
Native extension for OSXStandalone target not found
Refreshing native plugins compatible for Editor in 0.31 ms, found 0 plugins.
Preloading 0 native plugins for Editor in 0.00 ms.
Invoked RoslynAnalysisRunner static constructor.
RoslynAnalysisRunner will not be running.
RoslynAnalysisRunner has terminated.
Mono: successfully reloaded assembly
- Completed reload, in  2.166 seconds
Platform modules already initialized, skipping
Switching build target platform(5) subTarget(0) extendedPlatform(0) -> platform(13) subTarget(537395200) extendedPlatform(0)
Refreshing native plugins compatible for Editor in 0.54 ms, found 0 plugins.
Preloading 0 native plugins for Editor in 0.00 ms.
Unloading 1117 Unused Serialized files (Serialized files now loaded: 0)
System memory in use before: 57.2 MB.
System memory in use after: 57.2 MB.

Unloading 5 unused Assets to reduce memory usage. Loaded Objects now: 1569.
Total: 2.569400 ms (FindLiveObjects: 0.158800 ms CreateObjectMapping: 0.042400 ms MarkObjects: 2.300100 ms  DeleteObjects: 0.065500 ms)

AssetImportParameters requested are different than current active one (requested -> active):
  custom:graphics/normal-map-encoding: 01000000000000000000000000000000 -> 02000000000000000000000000000000
========================================================================
Received Prepare
Refreshing native plugins compatible for Editor in 0.78 ms, found 0 plugins.
Preloading 0 native plugins for Editor in 0.00 ms.
Unloading 3 Unused Serialized files (Serialized files now loaded: 0)
System memory in use before: 35.2 MB.
System memory in use after: 35.3 MB.

Unloading 3 unused Assets to reduce memory usage. Loaded Objects now: 1569.
Total: 2.272600 ms (FindLiveObjects: 0.346300 ms CreateObjectMapping: 0.169800 ms MarkObjects: 1.701600 ms  DeleteObjects: 0.053700 ms)

